[09:43:30] [ServerMain/INFO]: [bootstrap] Running Java 25 (OpenJDK 64-Bit Server VM 25.0.2+10-LTS; Eclipse Adoptium Temurin-25.0.2+10) on Linux 6.6.87.2-microsoft-standard-WSL2 (amd64)
[09:43:30] [ServerMain/INFO]: [bootstrap] Loading Paper 1.21.11-127-main@bd74bf6 (2026-03-10T02:55:23Z) for Minecraft 1.21.11
[09:43:31] [ServerMain/INFO]: [PluginInitializerManager] Initializing plugins...
[09:43:31] [ServerMain/INFO]: [PluginInitializerManager] Initialized 0 plugins
[09:43:31] [Paper Plugin Remapper Thread - 0/INFO]: [ReobfServer] Remapping server...
[09:43:34] [ServerMain/INFO]: Environment: Environment[sessionHost=https://sessionserver.mojang.com, servicesHost=https://api.minecraftservices.com, profilesHost=https://api.mojang.com, name=PROD]
[09:43:34] [ServerMain/INFO]: Found new data pack file/bukkit, loading it automatically
[09:43:34] [ServerMain/INFO]: Found new data pack paper, loading it automatically
[09:43:35] [ServerMain/INFO]: No existing world data, creating new world
[09:43:35] [ServerMain/INFO]: Loaded 1470 recipes
[09:43:35] [ServerMain/INFO]: Loaded 1584 advancements
[09:43:35] [ServerMain/INFO]: [ca.spottedleaf.dataconverter.minecraft.datatypes.MCTypeRegistry] Initialising converters for DataConverter...
[09:43:36] [ServerMain/INFO]: [ca.spottedleaf.dataconverter.minecraft.datatypes.MCTypeRegistry] Finished initialising converters for DataConverter in 266.5ms
[09:43:36] [Server thread/INFO]: Starting minecraft server version 1.21.11
[09:43:36] [Server thread/INFO]: Loading properties
[09:43:36] [Paper Plugin Remapper Thread - 0/INFO]: [ReobfServer] Done remapping server in 4399ms.
[09:43:36] [Server thread/INFO]: This server is running Paper version 1.21.11-127-main@bd74bf6 (2026-03-10T02:55:23Z) (Implementing API version 1.21.11-R0.1-SNAPSHOT)
[09:43:36] [Server thread/INFO]: [spark] This server bundles the spark profiler. For more information please visit https://docs.papermc.io/paper/profiling
[09:43:36] [Server thread/INFO]: Server Ping Player Sample Count: 12
[09:43:36] [Server thread/INFO]: Using 4 threads for Netty based IO
[09:43:36] [Server thread/INFO]: [MoonriseCommon] Paper is using 4 worker threads, 1 I/O threads
[09:43:36] [Server thread/INFO]: Default game type: SURVIVAL
[09:43:36] [Server thread/INFO]: Generating keypair
[09:43:36] [Server thread/INFO]: Starting Minecraft server on *:25565
[09:43:36] [Server thread/INFO]: Paper: Using libdeflate (Linux x86_64) compression from Velocity.
[09:43:36] [Server thread/INFO]: Paper: Using OpenSSL 3.x.x (Linux x86_64) cipher from Velocity.
[09:43:36] [Server thread/INFO]: Preparing level "world"
[09:43:37] [Server thread/INFO]: [ca.spottedleaf.moonrise.common.util.MoonriseConstants] NUMA enable flag is not set; however there is NUMA interaction support for this OS.
[09:43:37] [Server thread/INFO]: [ca.spottedleaf.moonrise.common.util.MoonriseConstants] Detected 1 NUMA nodes.
[09:43:37] [Server thread/INFO]: Selecting spawn point for world 'minecraft:overworld'...
[09:43:38] [Server thread/INFO]: Selecting spawn point for world 'minecraft:the_nether'...
[09:43:39] [Server thread/INFO]: Selecting spawn point for world 'minecraft:the_end'...
[09:43:39] [Server thread/INFO]: Loading 0 persistent chunks for world 'minecraft:overworld'...
[09:43:39] [Server thread/INFO]: Preparing spawn area: 100%
[09:43:39] [Server thread/INFO]: Prepared spawn area in 2094 ms
[09:43:39] [Server thread/INFO]: Loading 0 persistent chunks for world 'minecraft:the_nether'...
[09:43:39] [Server thread/INFO]: Preparing spawn area: 100%
[09:43:39] [Server thread/INFO]: Prepared spawn area in 364 ms
[09:43:39] [Server thread/INFO]: Loading 0 persistent chunks for world 'minecraft:the_end'...
[09:43:39] [Server thread/INFO]: Preparing spawn area: 100%
[09:43:39] [Server thread/INFO]: Prepared spawn area in 83 ms
[09:43:39] [Server thread/INFO]: Done preparing level "world" (2.287s)
[09:43:39] [Server thread/INFO]: [spark] Starting background profiler...
[09:43:39] [Server thread/INFO]: Starting remote control listener
[09:43:39] [Server thread/INFO]: Thread RCON Listener started
[09:43:39] [Server thread/INFO]: RCON running on 0.0.0.0:25575
[09:43:39] [Server thread/INFO]: Running delayed init tasks
[09:43:39] [Server thread/INFO]: Done (9.043s)! For help, type "help"
[09:43:48] [RCON Listener #1/INFO]: Thread RCON Client /0:0:0:0:0:0:0:1 started
[09:43:48] [Server thread/INFO]: [Rcon: Stopping the server]
[09:43:48] [RCON Client /0:0:0:0:0:0:0:1 #2/INFO]: Thread RCON Client /0:0:0:0:0:0:0:1 shutting down
[09:43:48] [Server thread/INFO]: Stopping server
[09:43:48] [Server thread/INFO]: Saving players
[09:43:48] [Server thread/INFO]: Saving worlds
[09:43:48] [Server thread/INFO]: Saving chunks for level 'ServerLevel[world]'/minecraft:overworld
[09:43:48] [Server thread/INFO]: [ChunkHolderManager] Waiting 60s for chunk system to halt for world 'world'
[09:43:48] [Server thread/INFO]: [ChunkHolderManager] Halted chunk system for world 'world'
[09:43:48] [Server thread/INFO]: [ChunkHolderManager] Saving all chunkholders for world 'world'
[09:43:48] [Server thread/INFO]: [ChunkHolderManager] Saved 0 block chunks, 0 entity chunks, 0 poi chunks in world 'world' in 0.02s
[09:43:48] [Server thread/INFO]: [ChunkHolderManager] Waiting 60s for chunk I/O to halt for world 'world'
[09:43:48] [Server thread/INFO]: [ChunkHolderManager] Halted I/O scheduler for world 'world'
[09:43:48] [Server thread/INFO]: Saving chunks for level 'ServerLevel[world_nether]'/minecraft:the_nether
[09:43:48] [Server thread/INFO]: [ChunkHolderManager] Waiting 60s for chunk system to halt for world 'world_nether'
[09:43:48] [Server thread/INFO]: [ChunkHolderManager] Halted chunk system for world 'world_nether'
[09:43:48] [Server thread/INFO]: [ChunkHolderManager] Saving all chunkholders for world 'world_nether'
[09:43:48] [Server thread/INFO]: [ChunkHolderManager] Saved 0 block chunks, 0 entity chunks, 0 poi chunks in world 'world_nether' in 0.02s
[09:43:48] [Server thread/INFO]: [ChunkHolderManager] Waiting 60s for chunk I/O to halt for world 'world_nether'
[09:43:48] [Server thread/INFO]: [ChunkHolderManager] Halted I/O scheduler for world 'world_nether'
[09:43:48] [Server thread/INFO]: Saving chunks for level 'ServerLevel[world_the_end]'/minecraft:the_end
[09:43:48] [Server thread/INFO]: [ChunkHolderManager] Waiting 60s for chunk system to halt for world 'world_the_end'
[09:43:48] [Server thread/INFO]: [ChunkHolderManager] Halted chunk system for world 'world_the_end'
[09:43:48] [Server thread/INFO]: [ChunkHolderManager] Saving all chunkholders for world 'world_the_end'
[09:43:48] [Server thread/INFO]: [ChunkHolderManager] Saved 0 block chunks, 0 entity chunks, 0 poi chunks in world 'world_the_end' in 0.02s
[09:43:48] [Server thread/INFO]: [ChunkHolderManager] Waiting 60s for chunk I/O to halt for world 'world_the_end'
[09:43:48] [Server thread/INFO]: [ChunkHolderManager] Halted I/O scheduler for world 'world_the_end'
[09:43:48] [Server thread/INFO]: ThreadedAnvilChunkStorage (world): All chunks are saved
[09:43:48] [Server thread/INFO]: ThreadedAnvilChunkStorage (DIM-1): All chunks are saved
[09:43:48] [Server thread/INFO]: ThreadedAnvilChunkStorage (DIM1): All chunks are saved
[09:43:48] [Server thread/INFO]: ThreadedAnvilChunkStorage: All dimensions are saved
[09:43:48] [Server thread/INFO]: Waiting for all RegionFile I/O tasks to complete...
[09:43:48] [Server thread/INFO]: All RegionFile I/O tasks to complete
[09:43:48] [Server thread/INFO]: [MoonriseCommon] Awaiting termination of worker pool for up to 60s...
[09:43:48] [Server thread/INFO]: [MoonriseCommon] Awaiting termination of I/O pool for up to 60s...
