[09:00:29] [ServerMain/INFO]: [bootstrap] Running Java 25 (OpenJDK 64-Bit Server VM 25.0.2+10-LTS; Eclipse Adoptium Temurin-25.0.2+10) on Linux 6.6.87.2-microsoft-standard-WSL2 (amd64)
[09:00:29] [ServerMain/INFO]: [bootstrap] Loading Paper 1.21.11-127-main@bd74bf6 (2026-03-10T02:55:23Z) for Minecraft 1.21.11
[09:00:29] [ServerMain/INFO]: [PluginInitializerManager] Initializing plugins...
[09:00:29] [ServerMain/INFO]: [PluginInitializerManager] Initialized 0 plugins
[09:00:30] [Paper Plugin Remapper Thread - 0/INFO]: [ReobfServer] Remapping server...
[09:00:33] [ServerMain/INFO]: Environment: Environment[sessionHost=https://sessionserver.mojang.com, servicesHost=https://api.minecraftservices.com, profilesHost=https://api.mojang.com, name=PROD]
[09:00:33] [ServerMain/INFO]: Found new data pack file/bukkit, loading it automatically
[09:00:33] [ServerMain/INFO]: Found new data pack paper, loading it automatically
[09:00:34] [ServerMain/INFO]: No existing world data, creating new world
[09:00:34] [ServerMain/INFO]: Loaded 1470 recipes
[09:00:34] [ServerMain/INFO]: Loaded 1584 advancements
[09:00:34] [ServerMain/INFO]: [ca.spottedleaf.dataconverter.minecraft.datatypes.MCTypeRegistry] Initialising converters for DataConverter...
[09:00:34] [Paper Plugin Remapper Thread - 0/INFO]: [ReobfServer] Done remapping server in 4496ms.
[09:00:34] [ServerMain/INFO]: [ca.spottedleaf.dataconverter.minecraft.datatypes.MCTypeRegistry] Finished initialising converters for DataConverter in 275.5ms
[09:00:34] [Server thread/INFO]: Starting minecraft server version 1.21.11
[09:00:34] [Server thread/INFO]: Loading properties
[09:00:34] [Server thread/INFO]: This server is running Paper version 1.21.11-127-main@bd74bf6 (2026-03-10T02:55:23Z) (Implementing API version 1.21.11-R0.1-SNAPSHOT)
[09:00:35] [Server thread/INFO]: [spark] This server bundles the spark profiler. For more information please visit https://docs.papermc.io/paper/profiling
[09:00:35] [Server thread/INFO]: Server Ping Player Sample Count: 12
[09:00:35] [Server thread/INFO]: Using 4 threads for Netty based IO
[09:00:35] [Server thread/INFO]: [MoonriseCommon] Paper is using 4 worker threads, 1 I/O threads
[09:00:35] [Server thread/INFO]: Default game type: SURVIVAL
[09:00:35] [Server thread/INFO]: Generating keypair
[09:00:35] [Server thread/INFO]: Starting Minecraft server on *:25565
[09:00:35] [Server thread/INFO]: Paper: Using libdeflate (Linux x86_64) compression from Velocity.
[09:00:35] [Server thread/INFO]: Paper: Using OpenSSL 3.x.x (Linux x86_64) cipher from Velocity.
[09:00:35] [Server thread/INFO]: Preparing level "world"
[09:00:35] [Server thread/INFO]: [ca.spottedleaf.moonrise.common.util.MoonriseConstants] NUMA enable flag is not set; however there is NUMA interaction support for this OS.
[09:00:35] [Server thread/INFO]: [ca.spottedleaf.moonrise.common.util.MoonriseConstants] Detected 1 NUMA nodes.
