[10:30:43] [ServerMain/INFO]: Environment: Environment[sessionHost=https://sessionserver.mojang.com, servicesHost=https://api.minecraftservices.com, profilesHost=https://api.mojang.com, name=PROD]
[10:30:44] [ServerMain/INFO]: Loaded 1515 recipes
[10:30:44] [ServerMain/INFO]: Loaded 1617 advancements
[10:30:44] [Server thread/INFO]: Starting minecraft server version 26.1.2
[10:30:44] [Server thread/INFO]: Loading properties
[10:30:44] [Server thread/INFO]: Default game type: SURVIVAL
[10:30:44] [Server thread/INFO]: Generating keypair
[10:30:44] [Server thread/INFO]: Starting Minecraft server on *:25565
[10:30:44] [Server thread/INFO]: Preparing level "world"
[10:30:45] [Server thread/INFO]: Loading 0 persistent chunks...
[10:30:45] [Server thread/INFO]: Preparing spawn area: 100%
[10:30:45] [Server thread/INFO]: Time elapsed: 12 ms
[10:30:45] [Server thread/INFO]: Done (0.370s)! For help, type "help"
[10:30:45] [Server thread/INFO]: Starting remote control listener
[10:30:45] [Server thread/INFO]: Thread RCON Listener started
[10:30:45] [Server thread/INFO]: RCON running on 0.0.0.0:25575
[10:30:45] [Server thread/INFO]: Saving chunks for level 'ServerLevel[world]'/minecraft:overworld
[10:30:45] [Server thread/INFO]: Saving chunks for level 'ServerLevel[world]'/minecraft:the_end
[10:30:45] [Server thread/INFO]: Saving chunks for level 'ServerLevel[world]'/minecraft:the_nether
[10:30:45] [Server thread/INFO]: ThreadedAnvilChunkStorage (world): All chunks are saved
[10:30:45] [Server thread/INFO]: ThreadedAnvilChunkStorage (DIM1): All chunks are saved
[10:30:45] [Server thread/INFO]: ThreadedAnvilChunkStorage (DIM-1): All chunks are saved
[10:30:45] [Server thread/INFO]: ThreadedAnvilChunkStorage: All dimensions are saved
[10:30:53] [RCON Listener #1/INFO]: Thread RCON Client /0:0:0:0:0:0:0:1 started
[10:30:53] [Server thread/INFO]: [Not Secure] [Rcon] hello
[10:30:53] [RCON Client /0:0:0:0:0:0:0:1 #2/INFO]: Thread RCON Client /0:0:0:0:0:0:0:1 shutting down
[10:31:29] [RCON Listener #1/INFO]: Thread RCON Client /0:0:0:0:0:0:0:1 started
[10:31:29] [Server thread/INFO]: [Not Secure] [Rcon] hi
[10:31:29] [RCON Client /0:0:0:0:0:0:0:1 #3/INFO]: Thread RCON Client /0:0:0:0:0:0:0:1 shutting down
[10:31:50] [Server thread/INFO]: Server empty for 60 seconds, pausing
[10:34:26] [RCON Listener #1/INFO]: Thread RCON Client /0:0:0:0:0:0:0:1 started
[10:34:26] [Server thread/INFO]: [Not Secure] [Rcon] testing
[10:34:26] [RCON Client /0:0:0:0:0:0:0:1 #4/INFO]: Thread RCON Client /0:0:0:0:0:0:0:1 shutting down
[10:35:51] [RCON Listener #1/INFO]: Thread RCON Client /0:0:0:0:0:0:0:1 started
[10:35:51] [Server thread/INFO]: [Rcon: Stopping the server]
[10:35:51] [RCON Client /0:0:0:0:0:0:0:1 #5/INFO]: Thread RCON Client /0:0:0:0:0:0:0:1 shutting down
[10:35:51] [Server thread/INFO]: Stopping server
[10:35:51] [Server thread/INFO]: Saving players
[10:35:51] [Server thread/INFO]: Saving worlds
[10:35:51] [Server thread/INFO]: Saving chunks for level 'ServerLevel[world]'/minecraft:overworld
[10:35:51] [Server thread/INFO]: Saving chunks for level 'ServerLevel[world]'/minecraft:the_end
[10:35:51] [Server thread/INFO]: Saving chunks for level 'ServerLevel[world]'/minecraft:the_nether
[10:35:51] [Server thread/INFO]: ThreadedAnvilChunkStorage (world): All chunks are saved
[10:35:51] [Server thread/INFO]: ThreadedAnvilChunkStorage (DIM1): All chunks are saved
[10:35:51] [Server thread/INFO]: ThreadedAnvilChunkStorage (DIM-1): All chunks are saved
[10:35:51] [Server thread/INFO]: ThreadedAnvilChunkStorage: All dimensions are saved
[10:35:51] [Server thread/INFO]: Thread RCON Listener stopped
